<?xml version="1.0" encoding="UTF-8"?>
<testsuite name="Module_test" tests="1" skipped="0" failures="0" errors="0" timestamp="2021-10-28T10:38:06" hostname="EvansLaptop" time="0.001">
  <properties/>
  <testcase name="idTest" classname="Module_test" time="0.001"/>
  <system-out><![CDATA[]]></system-out>
  <system-err><![CDATA[]]></system-err>
</testsuite>
