<?xml version="1.0" encoding="UTF-8"?>
<testsuite name="Course_test" tests="5" skipped="0" failures="0" errors="0" timestamp="2021-10-28T11:05:16" hostname="EvansLaptop" time="0.005">
  <properties/>
  <testcase name="studentTest" classname="Course_test" time="0.001"/>
  <testcase name="moduleTest" classname="Course_test" time="0.0"/>
  <testcase name="endDateTest" classname="Course_test" time="0.002"/>
  <testcase name="nameTest" classname="Course_test" time="0.0"/>
  <testcase name="startDateTest" classname="Course_test" time="0.0"/>
  <system-out><![CDATA[]]></system-out>
  <system-err><![CDATA[]]></system-err>
</testsuite>
