<?xml version="1.0" encoding="UTF-8"?>
<testsuite name="Student_test" tests="1" skipped="0" failures="0" errors="0" timestamp="2021-10-28T10:30:56" hostname="EvansLaptop" time="0.002">
  <properties/>
  <testcase name="testStudentCourse" classname="Student_test" time="0.002"/>
  <system-out><![CDATA[]]></system-out>
  <system-err><![CDATA[]]></system-err>
</testsuite>
